

Started GET "/" for ::1 at 2016-05-14 22:20:51 -0700

ActiveRecord::NoDatabaseError (FATAL:  database "db/development" does not exist
):
  activerecord (4.2.6) lib/active_record/connection_adapters/postgresql_adapter.rb:661:in `rescue in connect'
  activerecord (4.2.6) lib/active_record/connection_adapters/postgresql_adapter.rb:651:in `connect'
  activerecord (4.2.6) lib/active_record/connection_adapters/postgresql_adapter.rb:242:in `initialize'
  activerecord (4.2.6) lib/active_record/connection_adapters/postgresql_adapter.rb:44:in `new'
  activerecord (4.2.6) lib/active_record/connection_adapters/postgresql_adapter.rb:44:in `postgresql_connection'
  activerecord (4.2.6) lib/active_record/connection_adapters/abstract/connection_pool.rb:438:in `new_connection'
  activerecord (4.2.6) lib/active_record/connection_adapters/abstract/connection_pool.rb:448:in `checkout_new_connection'
  activerecord (4.2.6) lib/active_record/connection_adapters/abstract/connection_pool.rb:422:in `acquire_connection'
  activerecord (4.2.6) lib/active_record/connection_adapters/abstract/connection_pool.rb:349:in `block in checkout'
  /usr/local/Cellar/ruby/2.3.0/lib/ruby/2.3.0/monitor.rb:214:in `mon_synchronize'
  activerecord (4.2.6) lib/active_record/connection_adapters/abstract/connection_pool.rb:348:in `checkout'
  activerecord (4.2.6) lib/active_record/connection_adapters/abstract/connection_pool.rb:263:in `block in connection'
  /usr/local/Cellar/ruby/2.3.0/lib/ruby/2.3.0/monitor.rb:214:in `mon_synchronize'
  activerecord (4.2.6) lib/active_record/connection_adapters/abstract/connection_pool.rb:262:in `connection'
  activerecord (4.2.6) lib/active_record/connection_adapters/abstract/connection_pool.rb:571:in `retrieve_connection'
  activerecord (4.2.6) lib/active_record/connection_handling.rb:113:in `retrieve_connection'
  activerecord (4.2.6) lib/active_record/connection_handling.rb:87:in `connection'
  activerecord (4.2.6) lib/active_record/migration.rb:383:in `connection'
  activerecord (4.2.6) lib/active_record/migration.rb:370:in `call'
  actionpack (4.2.6) lib/action_dispatch/middleware/callbacks.rb:29:in `block in call'
  activesupport (4.2.6) lib/active_support/callbacks.rb:88:in `__run_callbacks__'
  activesupport (4.2.6) lib/active_support/callbacks.rb:778:in `_run_call_callbacks'
  activesupport (4.2.6) lib/active_support/callbacks.rb:81:in `run_callbacks'
  actionpack (4.2.6) lib/action_dispatch/middleware/callbacks.rb:27:in `call'
  actionpack (4.2.6) lib/action_dispatch/middleware/reloader.rb:73:in `call'
  actionpack (4.2.6) lib/action_dispatch/middleware/remote_ip.rb:78:in `call'
  actionpack (4.2.6) lib/action_dispatch/middleware/debug_exceptions.rb:17:in `call'
  web-console (2.3.0) lib/web_console/middleware.rb:28:in `block in call'
  web-console (2.3.0) lib/web_console/middleware.rb:18:in `catch'
  web-console (2.3.0) lib/web_console/middleware.rb:18:in `call'
  actionpack (4.2.6) lib/action_dispatch/middleware/show_exceptions.rb:30:in `call'
  railties (4.2.6) lib/rails/rack/logger.rb:38:in `call_app'
  railties (4.2.6) lib/rails/rack/logger.rb:20:in `block in call'
  activesupport (4.2.6) lib/active_support/tagged_logging.rb:68:in `block in tagged'
  activesupport (4.2.6) lib/active_support/tagged_logging.rb:26:in `tagged'
  activesupport (4.2.6) lib/active_support/tagged_logging.rb:68:in `tagged'
  railties (4.2.6) lib/rails/rack/logger.rb:20:in `call'
  actionpack (4.2.6) lib/action_dispatch/middleware/request_id.rb:21:in `call'
  rack (1.6.4) lib/rack/methodoverride.rb:22:in `call'
  rack (1.6.4) lib/rack/runtime.rb:18:in `call'
  activesupport (4.2.6) lib/active_support/cache/strategy/local_cache_middleware.rb:28:in `call'
  rack (1.6.4) lib/rack/lock.rb:17:in `call'
  actionpack (4.2.6) lib/action_dispatch/middleware/static.rb:120:in `call'
  rack (1.6.4) lib/rack/sendfile.rb:113:in `call'
  railties (4.2.6) lib/rails/engine.rb:518:in `call'
  railties (4.2.6) lib/rails/application.rb:165:in `call'
  rack (1.6.4) lib/rack/lock.rb:17:in `call'
  rack (1.6.4) lib/rack/content_length.rb:15:in `call'
  rack (1.6.4) lib/rack/handler/webrick.rb:88:in `service'
  /usr/local/Cellar/ruby/2.3.0/lib/ruby/2.3.0/webrick/httpserver.rb:140:in `service'
  /usr/local/Cellar/ruby/2.3.0/lib/ruby/2.3.0/webrick/httpserver.rb:96:in `run'
  /usr/local/Cellar/ruby/2.3.0/lib/ruby/2.3.0/webrick/server.rb:296:in `block in start_thread'


  Rendered /usr/local/lib/ruby/gems/2.3.0/gems/actionpack-4.2.6/lib/action_dispatch/middleware/templates/rescues/_source.erb (5.7ms)
  Rendered /usr/local/lib/ruby/gems/2.3.0/gems/actionpack-4.2.6/lib/action_dispatch/middleware/templates/rescues/_trace.html.erb (4.3ms)
  Rendered /usr/local/lib/ruby/gems/2.3.0/gems/actionpack-4.2.6/lib/action_dispatch/middleware/templates/rescues/_request_and_response.html.erb (1.9ms)
  Rendered /usr/local/lib/ruby/gems/2.3.0/gems/actionpack-4.2.6/lib/action_dispatch/middleware/templates/rescues/diagnostics.html.erb within rescues/layout (130.8ms)
  Rendered /usr/local/lib/ruby/gems/2.3.0/gems/web-console-2.3.0/lib/web_console/templates/_markup.html.erb (0.6ms)
  Rendered /usr/local/lib/ruby/gems/2.3.0/gems/web-console-2.3.0/lib/web_console/templates/_inner_console_markup.html.erb within layouts/inlined_string (0.5ms)
  Rendered /usr/local/lib/ruby/gems/2.3.0/gems/web-console-2.3.0/lib/web_console/templates/_prompt_box_markup.html.erb within layouts/inlined_string (0.5ms)
  Rendered /usr/local/lib/ruby/gems/2.3.0/gems/web-console-2.3.0/lib/web_console/templates/style.css.erb within layouts/inlined_string (0.5ms)
  Rendered /usr/local/lib/ruby/gems/2.3.0/gems/web-console-2.3.0/lib/web_console/templates/console.js.erb within layouts/javascript (180.9ms)
  Rendered /usr/local/lib/ruby/gems/2.3.0/gems/web-console-2.3.0/lib/web_console/templates/main.js.erb within layouts/javascript (0.5ms)
  Rendered /usr/local/lib/ruby/gems/2.3.0/gems/web-console-2.3.0/lib/web_console/templates/error_page.js.erb within layouts/javascript (0.6ms)
  Rendered /usr/local/lib/ruby/gems/2.3.0/gems/web-console-2.3.0/lib/web_console/templates/index.html.erb (314.2ms)
  [1m[36m (36.6ms)[0m  [1mCREATE TABLE "schema_migrations" ("version" character varying NOT NULL) [0m
  [1m[35m (2.2ms)[0m  CREATE UNIQUE INDEX  "unique_schema_migrations" ON "schema_migrations"  ("version")
  [1m[36mActiveRecord::SchemaMigration Load (0.5ms)[0m  [1mSELECT "schema_migrations".* FROM "schema_migrations"[0m
Migrating to CreateUsers (20160513221118)
  [1m[35m (15.4ms)[0m  BEGIN
  [1m[36m (6.5ms)[0m  [1mCREATE TABLE "users" ("id" serial primary key, "first_name" character varying, "last_name" character varying, "email" character varying, "street_address_1" character varying, "street_address_2" character varying, "city" character varying, "state" character varying, "zip" character varying, "password_digest" character varying, "rating" integer, "latitude" float, "longitude" float, "created_at" timestamp NOT NULL, "updated_at" timestamp NOT NULL) [0m
  [1m[35mSQL (0.5ms)[0m  INSERT INTO "schema_migrations" ("version") VALUES ($1)  [["version", "20160513221118"]]
  [1m[36m (1.0ms)[0m  [1mCOMMIT[0m
Migrating to CreateTools (20160513221927)
  [1m[35m (15.7ms)[0m  BEGIN
  [1m[36m (21.1ms)[0m  [1mCREATE TABLE "tools" ("id" serial primary key, "user_id" integer, "title" character varying, "available" boolean DEFAULT 't', "description" character varying, "created_at" timestamp NOT NULL, "updated_at" timestamp NOT NULL) [0m
  [1m[35mSQL (0.2ms)[0m  INSERT INTO "schema_migrations" ("version") VALUES ($1)  [["version", "20160513221927"]]
  [1m[36m (0.8ms)[0m  [1mCOMMIT[0m
Migrating to CreateFlags (20160513222225)
  [1m[35m (15.9ms)[0m  BEGIN
  [1m[36m (26.8ms)[0m  [1mCREATE TABLE "flags" ("id" serial primary key, "flagger_id" integer, "flagee_id" integer, "reason" integer, "comment" character varying, "created_at" timestamp NOT NULL, "updated_at" timestamp NOT NULL) [0m
  [1m[35mSQL (0.2ms)[0m  INSERT INTO "schema_migrations" ("version") VALUES ($1)  [["version", "20160513222225"]]
  [1m[36m (0.4ms)[0m  [1mCOMMIT[0m
Migrating to CreateRatings (20160513222300)
  [1m[35m (18.8ms)[0m  BEGIN
  [1m[36m (18.7ms)[0m  [1mCREATE TABLE "ratings" ("id" serial primary key, "rater_id" integer, "ratee_id" integer, "score" integer, "created_at" timestamp NOT NULL, "updated_at" timestamp NOT NULL) [0m
  [1m[35mSQL (0.2ms)[0m  INSERT INTO "schema_migrations" ("version") VALUES ($1)  [["version", "20160513222300"]]
  [1m[36m (1.0ms)[0m  [1mCOMMIT[0m
Migrating to AddImageToUsers (20160514214943)
  [1m[35m (15.5ms)[0m  BEGIN
  [1m[36m (0.6ms)[0m  [1mALTER TABLE "users" ADD "image" character varying[0m
  [1m[35mSQL (0.2ms)[0m  INSERT INTO "schema_migrations" ("version") VALUES ($1)  [["version", "20160514214943"]]
  [1m[36m (15.6ms)[0m  [1mCOMMIT[0m
  [1m[35mActiveRecord::SchemaMigration Load (0.2ms)[0m  SELECT "schema_migrations".* FROM "schema_migrations"
  [1m[36m (4.1ms)[0m  [1mSELECT t2.oid::regclass::text AS to_table, a1.attname AS column, a2.attname AS primary_key, c.conname AS name, c.confupdtype AS on_update, c.confdeltype AS on_delete
FROM pg_constraint c
JOIN pg_class t1 ON c.conrelid = t1.oid
JOIN pg_class t2 ON c.confrelid = t2.oid
JOIN pg_attribute a1 ON a1.attnum = c.conkey[1] AND a1.attrelid = t1.oid
JOIN pg_attribute a2 ON a2.attnum = c.confkey[1] AND a2.attrelid = t2.oid
JOIN pg_namespace t3 ON c.connamespace = t3.oid
WHERE c.contype = 'f'
  AND t1.relname = 'flags'
  AND t3.nspname = ANY (current_schemas(false))
ORDER BY c.conname
[0m
  [1m[35m (2.7ms)[0m  SELECT t2.oid::regclass::text AS to_table, a1.attname AS column, a2.attname AS primary_key, c.conname AS name, c.confupdtype AS on_update, c.confdeltype AS on_delete
FROM pg_constraint c
JOIN pg_class t1 ON c.conrelid = t1.oid
JOIN pg_class t2 ON c.confrelid = t2.oid
JOIN pg_attribute a1 ON a1.attnum = c.conkey[1] AND a1.attrelid = t1.oid
JOIN pg_attribute a2 ON a2.attnum = c.confkey[1] AND a2.attrelid = t2.oid
JOIN pg_namespace t3 ON c.connamespace = t3.oid
WHERE c.contype = 'f'
  AND t1.relname = 'ratings'
  AND t3.nspname = ANY (current_schemas(false))
ORDER BY c.conname

  [1m[36m (2.6ms)[0m  [1mSELECT t2.oid::regclass::text AS to_table, a1.attname AS column, a2.attname AS primary_key, c.conname AS name, c.confupdtype AS on_update, c.confdeltype AS on_delete
FROM pg_constraint c
JOIN pg_class t1 ON c.conrelid = t1.oid
JOIN pg_class t2 ON c.confrelid = t2.oid
JOIN pg_attribute a1 ON a1.attnum = c.conkey[1] AND a1.attrelid = t1.oid
JOIN pg_attribute a2 ON a2.attnum = c.confkey[1] AND a2.attrelid = t2.oid
JOIN pg_namespace t3 ON c.connamespace = t3.oid
WHERE c.contype = 'f'
  AND t1.relname = 'tools'
  AND t3.nspname = ANY (current_schemas(false))
ORDER BY c.conname
[0m
  [1m[35m (2.8ms)[0m  SELECT t2.oid::regclass::text AS to_table, a1.attname AS column, a2.attname AS primary_key, c.conname AS name, c.confupdtype AS on_update, c.confdeltype AS on_delete
FROM pg_constraint c
JOIN pg_class t1 ON c.conrelid = t1.oid
JOIN pg_class t2 ON c.confrelid = t2.oid
JOIN pg_attribute a1 ON a1.attnum = c.conkey[1] AND a1.attrelid = t1.oid
JOIN pg_attribute a2 ON a2.attnum = c.confkey[1] AND a2.attrelid = t2.oid
JOIN pg_namespace t3 ON c.connamespace = t3.oid
WHERE c.contype = 'f'
  AND t1.relname = 'users'
  AND t3.nspname = ANY (current_schemas(false))
ORDER BY c.conname



Started GET "/" for ::1 at 2016-05-14 22:22:26 -0700
  [1m[36mActiveRecord::SchemaMigration Load (0.6ms)[0m  [1mSELECT "schema_migrations".* FROM "schema_migrations"[0m
Processing by ToolsController#index as HTML
Completed 200 OK in 43ms (Views: 0.4ms | ActiveRecord: 0.0ms)
  [1m[36m (1787.0ms)[0m  [1mDROP DATABASE IF EXISTS "db/development"[0m
  [1m[36m (2444.6ms)[0m  [1mCREATE DATABASE "db/development" ENCODING = 'utf8'[0m
  [1m[36m (28.1ms)[0m  [1mCREATE TABLE "schema_migrations" ("version" character varying NOT NULL) [0m
  [1m[35m (2.5ms)[0m  CREATE UNIQUE INDEX  "unique_schema_migrations" ON "schema_migrations"  ("version")
  [1m[36mActiveRecord::SchemaMigration Load (0.7ms)[0m  [1mSELECT "schema_migrations".* FROM "schema_migrations"[0m
Migrating to CreateUsers (20160513221118)
  [1m[35m (0.3ms)[0m  BEGIN
  [1m[36m (6.6ms)[0m  [1mCREATE TABLE "users" ("id" serial primary key, "first_name" character varying, "last_name" character varying, "email" character varying, "street_address_1" character varying, "street_address_2" character varying, "city" character varying, "state" character varying, "zip" character varying, "password_digest" character varying, "rating" integer, "latitude" float, "longitude" float, "created_at" timestamp NOT NULL, "updated_at" timestamp NOT NULL) [0m
  [1m[35mSQL (1.3ms)[0m  INSERT INTO "schema_migrations" ("version") VALUES ($1)  [["version", "20160513221118"]]
  [1m[36m (1.8ms)[0m  [1mCOMMIT[0m
Migrating to CreateTools (20160513221927)
  [1m[35m (15.5ms)[0m  BEGIN
  [1m[36m (19.4ms)[0m  [1mCREATE TABLE "tools" ("id" serial primary key, "user_id" integer, "title" character varying, "available" boolean DEFAULT 't', "description" character varying, "created_at" timestamp NOT NULL, "updated_at" timestamp NOT NULL) [0m
  [1m[35mSQL (0.2ms)[0m  INSERT INTO "schema_migrations" ("version") VALUES ($1)  [["version", "20160513221927"]]
  [1m[36m (0.8ms)[0m  [1mCOMMIT[0m
Migrating to CreateFlags (20160513222225)
  [1m[35m (15.8ms)[0m  BEGIN
  [1m[36m (60.2ms)[0m  [1mCREATE TABLE "flags" ("id" serial primary key, "flagger_id" integer, "flagee_id" integer, "reason" integer, "comment" character varying, "created_at" timestamp NOT NULL, "updated_at" timestamp NOT NULL) [0m
  [1m[35mSQL (0.2ms)[0m  INSERT INTO "schema_migrations" ("version") VALUES ($1)  [["version", "20160513222225"]]
  [1m[36m (1.2ms)[0m  [1mCOMMIT[0m
Migrating to CreateRatings (20160513222300)
  [1m[35m (15.6ms)[0m  BEGIN
  [1m[36m (18.3ms)[0m  [1mCREATE TABLE "ratings" ("id" serial primary key, "rater_id" integer, "ratee_id" integer, "score" integer, "created_at" timestamp NOT NULL, "updated_at" timestamp NOT NULL) [0m
  [1m[35mSQL (0.2ms)[0m  INSERT INTO "schema_migrations" ("version") VALUES ($1)  [["version", "20160513222300"]]
  [1m[36m (1.9ms)[0m  [1mCOMMIT[0m
Migrating to AddImageToUsers (20160514214943)
  [1m[35m (15.7ms)[0m  BEGIN
  [1m[36m (0.5ms)[0m  [1mALTER TABLE "users" ADD "image" character varying[0m
  [1m[35mSQL (0.2ms)[0m  INSERT INTO "schema_migrations" ("version") VALUES ($1)  [["version", "20160514214943"]]
  [1m[36m (16.1ms)[0m  [1mCOMMIT[0m
  [1m[35mActiveRecord::SchemaMigration Load (0.3ms)[0m  SELECT "schema_migrations".* FROM "schema_migrations"
  [1m[36m (3.8ms)[0m  [1mSELECT t2.oid::regclass::text AS to_table, a1.attname AS column, a2.attname AS primary_key, c.conname AS name, c.confupdtype AS on_update, c.confdeltype AS on_delete
FROM pg_constraint c
JOIN pg_class t1 ON c.conrelid = t1.oid
JOIN pg_class t2 ON c.confrelid = t2.oid
JOIN pg_attribute a1 ON a1.attnum = c.conkey[1] AND a1.attrelid = t1.oid
JOIN pg_attribute a2 ON a2.attnum = c.confkey[1] AND a2.attrelid = t2.oid
JOIN pg_namespace t3 ON c.connamespace = t3.oid
WHERE c.contype = 'f'
  AND t1.relname = 'flags'
  AND t3.nspname = ANY (current_schemas(false))
ORDER BY c.conname
[0m
  [1m[35m (2.9ms)[0m  SELECT t2.oid::regclass::text AS to_table, a1.attname AS column, a2.attname AS primary_key, c.conname AS name, c.confupdtype AS on_update, c.confdeltype AS on_delete
FROM pg_constraint c
JOIN pg_class t1 ON c.conrelid = t1.oid
JOIN pg_class t2 ON c.confrelid = t2.oid
JOIN pg_attribute a1 ON a1.attnum = c.conkey[1] AND a1.attrelid = t1.oid
JOIN pg_attribute a2 ON a2.attnum = c.confkey[1] AND a2.attrelid = t2.oid
JOIN pg_namespace t3 ON c.connamespace = t3.oid
WHERE c.contype = 'f'
  AND t1.relname = 'ratings'
  AND t3.nspname = ANY (current_schemas(false))
ORDER BY c.conname

  [1m[36m (3.3ms)[0m  [1mSELECT t2.oid::regclass::text AS to_table, a1.attname AS column, a2.attname AS primary_key, c.conname AS name, c.confupdtype AS on_update, c.confdeltype AS on_delete
FROM pg_constraint c
JOIN pg_class t1 ON c.conrelid = t1.oid
JOIN pg_class t2 ON c.confrelid = t2.oid
JOIN pg_attribute a1 ON a1.attnum = c.conkey[1] AND a1.attrelid = t1.oid
JOIN pg_attribute a2 ON a2.attnum = c.confkey[1] AND a2.attrelid = t2.oid
JOIN pg_namespace t3 ON c.connamespace = t3.oid
WHERE c.contype = 'f'
  AND t1.relname = 'tools'
  AND t3.nspname = ANY (current_schemas(false))
ORDER BY c.conname
[0m
  [1m[35m (3.0ms)[0m  SELECT t2.oid::regclass::text AS to_table, a1.attname AS column, a2.attname AS primary_key, c.conname AS name, c.confupdtype AS on_update, c.confdeltype AS on_delete
FROM pg_constraint c
JOIN pg_class t1 ON c.conrelid = t1.oid
JOIN pg_class t2 ON c.confrelid = t2.oid
JOIN pg_attribute a1 ON a1.attnum = c.conkey[1] AND a1.attrelid = t1.oid
JOIN pg_attribute a2 ON a2.attnum = c.confkey[1] AND a2.attrelid = t2.oid
JOIN pg_namespace t3 ON c.connamespace = t3.oid
WHERE c.contype = 'f'
  AND t1.relname = 'users'
  AND t3.nspname = ANY (current_schemas(false))
ORDER BY c.conname

  [1m[36mActiveRecord::SchemaMigration Load (2.2ms)[0m  [1mSELECT "schema_migrations".* FROM "schema_migrations"[0m
  [1m[35m (0.2ms)[0m  BEGIN
  [1m[36mUser Exists (1.2ms)[0m  [1mSELECT  1 AS one FROM "users" WHERE "users"."email" = 'clcblee@gmail.com' LIMIT 1[0m
  [1m[35m (0.2ms)[0m  ROLLBACK
  [1m[36m (0.2ms)[0m  [1mBEGIN[0m
  [1m[35mSQL (36.9ms)[0m  INSERT INTO "tools" ("user_id", "title", "created_at", "updated_at") VALUES ($1, $2, $3, $4) RETURNING "id"  [["user_id", 1], ["title", "drill"], ["created_at", "2016-05-15 19:01:57.136396"], ["updated_at", "2016-05-15 19:01:57.136396"]]
  [1m[36m (0.7ms)[0m  [1mCOMMIT[0m
  [1m[36mUser Load (18.2ms)[0m  [1mSELECT  "users".* FROM "users"  ORDER BY "users"."id" ASC LIMIT 1[0m
  [1m[35m (0.2ms)[0m  BEGIN
  [1m[36mUser Exists (0.8ms)[0m  [1mSELECT  1 AS one FROM "users" WHERE "users"."email" = 'clcblee@gmail.com' LIMIT 1[0m
  [1m[35m (0.4ms)[0m  ROLLBACK
  [1m[36mTool Load (1.0ms)[0m  [1mSELECT  "tools".* FROM "tools"  ORDER BY "tools"."id" DESC LIMIT 1[0m
  [1m[35mUser Load (0.5ms)[0m  SELECT "users".* FROM "users"
  [1m[36m (0.2ms)[0m  [1mBEGIN[0m
  [1m[35mUser Exists (0.4ms)[0m  SELECT  1 AS one FROM "users" WHERE "users"."email" = 'clcblee@gmail.com' LIMIT 1
  [1m[36mSQL (0.7ms)[0m  [1mINSERT INTO "users" ("first_name", "last_name", "email", "street_address_1", "city", "state", "rating", "password_digest", "created_at", "updated_at") VALUES ($1, $2, $3, $4, $5, $6, $7, $8, $9, $10) RETURNING "id"[0m  [["first_name", "Charlie"], ["last_name", "Lee"], ["email", "clcblee@gmail.com"], ["street_address_1", "301 King St"], ["city", "San Francisco"], ["state", "CA"], ["rating", 4], ["password_digest", "$2a$10$xC./9JU4JBPBwZ7BQjLkoefrbzZSJ5GTFSZswm8oDzUFR.sEwWOv6"], ["created_at", "2016-05-15 19:03:23.492015"], ["updated_at", "2016-05-15 19:03:23.492015"]]
  [1m[35m (0.9ms)[0m  COMMIT
  [1m[36mUser Load (0.5ms)[0m  [1mSELECT "users".* FROM "users"[0m
  [1m[36mActiveRecord::SchemaMigration Load (0.6ms)[0m  [1mSELECT "schema_migrations".* FROM "schema_migrations"[0m
  [1m[36mActiveRecord::SchemaMigration Load (0.5ms)[0m  [1mSELECT "schema_migrations".* FROM "schema_migrations"[0m
  [1m[36mActiveRecord::SchemaMigration Load (0.6ms)[0m  [1mSELECT "schema_migrations".* FROM "schema_migrations"[0m
  [1m[36mActiveRecord::SchemaMigration Load (0.6ms)[0m  [1mSELECT "schema_migrations".* FROM "schema_migrations"[0m
  [1m[35mSQL (56.2ms)[0m  DELETE FROM "users"
  [1m[36mSQL (17.0ms)[0m  [1mDELETE FROM "tools"[0m
  [1m[35m (0.2ms)[0m  BEGIN
  [1m[36mUser Exists (1.0ms)[0m  [1mSELECT  1 AS one FROM "users" WHERE "users"."email" = 'clcblee@gmail.com' LIMIT 1[0m
  [1m[35m (0.3ms)[0m  ROLLBACK
  [1m[36mUser Load (1.2ms)[0m  [1mSELECT  "users".* FROM "users"  ORDER BY "users"."id" ASC LIMIT 1[0m
  [1m[35mTool Load (0.7ms)[0m  SELECT  "tools".* FROM "tools"  ORDER BY "tools"."id" ASC LIMIT 1
  [1m[36mUser Load (0.5ms)[0m  [1mSELECT "users".* FROM "users"[0m
  [1m[35m (0.3ms)[0m  BEGIN
  [1m[36mUser Exists (1.1ms)[0m  [1mSELECT  1 AS one FROM "users" WHERE "users"."email" = 'clcblee@gmail.com' LIMIT 1[0m
  [1m[35m (0.3ms)[0m  ROLLBACK
  [1m[36m (0.3ms)[0m  [1mBEGIN[0m
  [1m[35mUser Exists (1.1ms)[0m  SELECT  1 AS one FROM "users" WHERE "users"."email" = 'clcblee@gmail.com' LIMIT 1
  [1m[36m (0.4ms)[0m  [1mROLLBACK[0m
  [1m[36m (0.3ms)[0m  [1mBEGIN[0m
  [1m[35mUser Exists (1.3ms)[0m  SELECT  1 AS one FROM "users" WHERE "users"."email" = 'clcblee@gmail.com' LIMIT 1
  [1m[36mSQL (15.2ms)[0m  [1mINSERT INTO "users" ("first_name", "last_name", "email", "street_address_1", "city", "state", "rating", "password_digest", "created_at", "updated_at") VALUES ($1, $2, $3, $4, $5, $6, $7, $8, $9, $10) RETURNING "id"[0m  [["first_name", "Charlie"], ["last_name", "Lee"], ["email", "clcblee@gmail.com"], ["street_address_1", "301 King St"], ["city", "San Francisco"], ["state", "CA"], ["rating", 4], ["password_digest", "$2a$10$zIYS13kzknDZDBcR1.XQSutMN4lS4g9nsCOrcJXWFZutRn5URC5yK"], ["created_at", "2016-05-15 19:15:34.190688"], ["updated_at", "2016-05-15 19:15:34.190688"]]
  [1m[35m (19.0ms)[0m  COMMIT
  [1m[36m (0.2ms)[0m  [1mBEGIN[0m
  [1m[35mUser Exists (18.4ms)[0m  SELECT  1 AS one FROM "users" WHERE "users"."email" = 'clcblee@gmail.com' LIMIT 1
  [1m[36m (0.4ms)[0m  [1mROLLBACK[0m
  [1m[36m (0.2ms)[0m  [1mBEGIN[0m
  [1m[35mUser Exists (1.1ms)[0m  SELECT  1 AS one FROM "users" WHERE "users"."email" = 'clcblee@gmail.com' LIMIT 1
  [1m[36m (0.2ms)[0m  [1mROLLBACK[0m
  [1m[35m (0.2ms)[0m  BEGIN
  [1m[36mUser Exists (0.4ms)[0m  [1mSELECT  1 AS one FROM "users" WHERE "users"."email" = 'clcblee@gmail.com' LIMIT 1[0m
  [1m[35m (1.4ms)[0m  ROLLBACK
  [1m[36m (0.2ms)[0m  [1mBEGIN[0m
  [1m[35mUser Exists (1.3ms)[0m  SELECT  1 AS one FROM "users" WHERE "users"."email" = 'clcblee@gmail.com' LIMIT 1
  [1m[36m (0.3ms)[0m  [1mROLLBACK[0m
  [1m[36m (0.2ms)[0m  [1mBEGIN[0m
  [1m[35mUser Exists (1.1ms)[0m  SELECT  1 AS one FROM "users" WHERE "users"."email" = 'clcblee@gmail.com' LIMIT 1
  [1m[36m (0.3ms)[0m  [1mROLLBACK[0m
  [1m[35mUser Load (0.7ms)[0m  SELECT "users".* FROM "users"
  [1m[36mUser Load (0.6ms)[0m  [1mSELECT "users".* FROM "users"[0m
  [1m[35m (0.6ms)[0m  SELECT COUNT(*) FROM "users"
  [1m[36mSQL (38.2ms)[0m  [1mDELETE FROM "users"[0m
  [1m[35m (0.9ms)[0m  SELECT COUNT(*) FROM "users"
  [1m[36m (0.2ms)[0m  [1mBEGIN[0m
  [1m[35mUser Exists (1.3ms)[0m  SELECT  1 AS one FROM "users" WHERE "users"."email" = 'clcblee@gmail.com' LIMIT 1
  [1m[36mSQL (25.6ms)[0m  [1mINSERT INTO "users" ("first_name", "last_name", "email", "street_address_1", "city", "state", "rating", "password_digest", "latitude", "longitude", "created_at", "updated_at") VALUES ($1, $2, $3, $4, $5, $6, $7, $8, $9, $10, $11, $12) RETURNING "id"[0m  [["first_name", "Charlie"], ["last_name", "Lee"], ["email", "clcblee@gmail.com"], ["street_address_1", "740 Berkeley Ave"], ["city", "Charlotte"], ["state", "NC"], ["rating", 4], ["password_digest", "$2a$10$47wEopwP05EVTvD90plf/uPK3xEaIhHJSAn4hxoa0s99McO89mxCy"], ["latitude", 35.210191], ["longitude", -80.848816], ["created_at", "2016-05-15 19:19:55.203485"], ["updated_at", "2016-05-15 19:19:55.203485"]]
  [1m[35m (0.9ms)[0m  COMMIT
  [1m[36mActiveRecord::SchemaMigration Load (0.5ms)[0m  [1mSELECT "schema_migrations".* FROM "schema_migrations"[0m
  [1m[35mSQL (16.6ms)[0m  DELETE FROM "users"
  [1m[36mSQL (0.8ms)[0m  [1mDELETE FROM "tools"[0m
  [1m[35m (0.5ms)[0m  BEGIN
  [1m[36mUser Exists (1.3ms)[0m  [1mSELECT  1 AS one FROM "users" WHERE "users"."email" = 'clcblee@gmail.com' LIMIT 1[0m
  [1m[35mSQL (5.6ms)[0m  INSERT INTO "users" ("first_name", "last_name", "email", "street_address_1", "city", "state", "rating", "password_digest", "latitude", "longitude", "created_at", "updated_at") VALUES ($1, $2, $3, $4, $5, $6, $7, $8, $9, $10, $11, $12) RETURNING "id"  [["first_name", "Charlie"], ["last_name", "Lee"], ["email", "clcblee@gmail.com"], ["street_address_1", "740 Berkeley Ave"], ["city", "Charlotte"], ["state", "NC"], ["rating", 4], ["password_digest", "$2a$10$hjplb9CcZpb7fj/smb1stO1RoGxoDGXAXRDzUMhjmyqbCGGTLJXyO"], ["latitude", 35.210191], ["longitude", -80.848816], ["created_at", "2016-05-15 19:24:34.821133"], ["updated_at", "2016-05-15 19:24:34.821133"]]
  [1m[36m (0.9ms)[0m  [1mCOMMIT[0m
  [1m[35m (0.2ms)[0m  BEGIN
  [1m[36mUser Exists (0.4ms)[0m  [1mSELECT  1 AS one FROM "users" WHERE "users"."email" = 'p@p.com' LIMIT 1[0m
  [1m[35mSQL (0.4ms)[0m  INSERT INTO "users" ("first_name", "last_name", "email", "street_address_1", "city", "state", "rating", "password_digest", "latitude", "longitude", "created_at", "updated_at") VALUES ($1, $2, $3, $4, $5, $6, $7, $8, $9, $10, $11, $12) RETURNING "id"  [["first_name", "Phil"], ["last_name", "Barnett"], ["email", "p@p.com"], ["street_address_1", "633 Folsom St"], ["city", "San Francisco"], ["state", "CA"], ["rating", 4], ["password_digest", "$2a$10$8RK6kQtG.xTqYGBzyl/t6OmR/oGbeNveSyuHdOzI6U.IgtPMXJ/nq"], ["latitude", 37.7845165], ["longitude", -122.3971939], ["created_at", "2016-05-15 19:24:35.171799"], ["updated_at", "2016-05-15 19:24:35.171799"]]
  [1m[36m (14.7ms)[0m  [1mCOMMIT[0m
  [1m[35m (0.5ms)[0m  BEGIN
  [1m[36mUser Exists (0.5ms)[0m  [1mSELECT  1 AS one FROM "users" WHERE "users"."email" = 'pp@pp.com' LIMIT 1[0m
  [1m[35mSQL (0.5ms)[0m  INSERT INTO "users" ("first_name", "last_name", "email", "street_address_1", "city", "state", "rating", "password_digest", "latitude", "longitude", "created_at", "updated_at") VALUES ($1, $2, $3, $4, $5, $6, $7, $8, $9, $10, $11, $12) RETURNING "id"  [["first_name", "Philip"], ["last_name", "B"], ["email", "pp@pp.com"], ["street_address_1", "425 Market St"], ["city", "San Francisco"], ["state", "CA"], ["rating", 4], ["password_digest", "$2a$10$.REtPSq4VJpmCldDmZHjO.sKDvFIrHGk7ZqjxRZ7COo8TeUrsqP/C"], ["latitude", 37.79119230000001], ["longitude", -122.3981466], ["created_at", "2016-05-15 19:24:35.554534"], ["updated_at", "2016-05-15 19:24:35.554534"]]
  [1m[36m (0.6ms)[0m  [1mCOMMIT[0m
  [1m[35m (0.2ms)[0m  BEGIN
  [1m[36mSQL (0.4ms)[0m  [1mINSERT INTO "tools" ("user_id", "title", "created_at", "updated_at") VALUES ($1, $2, $3, $4) RETURNING "id"[0m  [["user_id", 3], ["title", "drill"], ["created_at", "2016-05-15 19:24:35.568745"], ["updated_at", "2016-05-15 19:24:35.568745"]]
  [1m[35m (0.7ms)[0m  COMMIT
  [1m[36m (0.1ms)[0m  [1mBEGIN[0m
  [1m[35mSQL (0.3ms)[0m  INSERT INTO "tools" ("user_id", "title", "created_at", "updated_at") VALUES ($1, $2, $3, $4) RETURNING "id"  [["user_id", 3], ["title", "saw"], ["created_at", "2016-05-15 19:24:35.572553"], ["updated_at", "2016-05-15 19:24:35.572553"]]
  [1m[36m (0.6ms)[0m  [1mCOMMIT[0m
  [1m[35m (0.1ms)[0m  BEGIN
  [1m[36mSQL (0.2ms)[0m  [1mINSERT INTO "tools" ("user_id", "title", "created_at", "updated_at") VALUES ($1, $2, $3, $4) RETURNING "id"[0m  [["user_id", 4], ["title", "drill"], ["created_at", "2016-05-15 19:24:35.575411"], ["updated_at", "2016-05-15 19:24:35.575411"]]
  [1m[35m (0.6ms)[0m  COMMIT
  [1m[36m (0.1ms)[0m  [1mBEGIN[0m
  [1m[35mSQL (0.3ms)[0m  INSERT INTO "tools" ("user_id", "title", "created_at", "updated_at") VALUES ($1, $2, $3, $4) RETURNING "id"  [["user_id", 4], ["title", "saw"], ["created_at", "2016-05-15 19:24:35.578476"], ["updated_at", "2016-05-15 19:24:35.578476"]]
  [1m[36m (0.7ms)[0m  [1mCOMMIT[0m
  [1m[35m (0.1ms)[0m  BEGIN
  [1m[36mSQL (0.4ms)[0m  [1mINSERT INTO "tools" ("user_id", "title", "created_at", "updated_at") VALUES ($1, $2, $3, $4) RETURNING "id"[0m  [["user_id", 4], ["title", "sander"], ["created_at", "2016-05-15 19:24:35.581643"], ["updated_at", "2016-05-15 19:24:35.581643"]]
  [1m[35m (0.8ms)[0m  COMMIT
  [1m[36m (1.3ms)[0m  [1mBEGIN[0m
  [1m[35mSQL (0.4ms)[0m  INSERT INTO "tools" ("user_id", "title", "created_at", "updated_at") VALUES ($1, $2, $3, $4) RETURNING "id"  [["user_id", 5], ["title", "drill"], ["created_at", "2016-05-15 19:24:35.593547"], ["updated_at", "2016-05-15 19:24:35.593547"]]
  [1m[36m (0.6ms)[0m  [1mCOMMIT[0m
  [1m[35m (0.1ms)[0m  BEGIN
  [1m[36mSQL (0.3ms)[0m  [1mINSERT INTO "tools" ("user_id", "title", "created_at", "updated_at") VALUES ($1, $2, $3, $4) RETURNING "id"[0m  [["user_id", 5], ["title", "saw"], ["created_at", "2016-05-15 19:24:35.596970"], ["updated_at", "2016-05-15 19:24:35.596970"]]
  [1m[35m (0.6ms)[0m  COMMIT
  [1m[36m (0.1ms)[0m  [1mBEGIN[0m
  [1m[35mSQL (0.3ms)[0m  INSERT INTO "tools" ("user_id", "title", "created_at", "updated_at") VALUES ($1, $2, $3, $4) RETURNING "id"  [["user_id", 5], ["title", "sander"], ["created_at", "2016-05-15 19:24:35.601645"], ["updated_at", "2016-05-15 19:24:35.601645"]]
  [1m[36m (0.5ms)[0m  [1mCOMMIT[0m
  [1m[36m (0.8ms)[0m  [1mSELECT COUNT(*) FROM "users"[0m
  [1m[35mTool Load (1.0ms)[0m  SELECT "tools".* FROM "tools"
  [1m[36m (0.7ms)[0m  [1mSELECT COUNT(*) FROM "tools"[0m


Started GET "/" for ::1 at 2016-05-15 12:36:15 -0700
  [1m[36mActiveRecord::SchemaMigration Load (0.7ms)[0m  [1mSELECT "schema_migrations".* FROM "schema_migrations"[0m
Processing by ToolsController#index as HTML
  [1m[35mTool Load (0.9ms)[0m  SELECT "tools".* FROM "tools"
  [1m[36mUser Load (0.7ms)[0m  [1mSELECT  "users".* FROM "users" WHERE "users"."id" = $1 LIMIT 1[0m  [["id", 3]]
Completed 500 Internal Server Error in 743ms (ActiveRecord: 9.4ms)

NoMethodError (undefined method `street_address_2' for nil:NilClass):
  app/controllers/tools_controller.rb:37:in `full_address'
  app/controllers/tools_controller.rb:45:in `get_geo'
  app/controllers/tools_controller.rb:61:in `block in convert_to_json'
  app/controllers/tools_controller.rb:60:in `convert_to_json'
  app/controllers/tools_controller.rb:10:in `index'


  Rendered /usr/local/lib/ruby/gems/2.3.0/gems/actionpack-4.2.6/lib/action_dispatch/middleware/templates/rescues/_source.erb (13.3ms)
  Rendered /usr/local/lib/ruby/gems/2.3.0/gems/actionpack-4.2.6/lib/action_dispatch/middleware/templates/rescues/_trace.html.erb (4.5ms)
  Rendered /usr/local/lib/ruby/gems/2.3.0/gems/actionpack-4.2.6/lib/action_dispatch/middleware/templates/rescues/_request_and_response.html.erb (4.3ms)
  Rendered /usr/local/lib/ruby/gems/2.3.0/gems/actionpack-4.2.6/lib/action_dispatch/middleware/templates/rescues/diagnostics.html.erb within rescues/layout (169.5ms)
  Rendered /usr/local/lib/ruby/gems/2.3.0/gems/web-console-2.3.0/lib/web_console/templates/_markup.html.erb (0.8ms)
  Rendered /usr/local/lib/ruby/gems/2.3.0/gems/web-console-2.3.0/lib/web_console/templates/_inner_console_markup.html.erb within layouts/inlined_string (0.6ms)
  Rendered /usr/local/lib/ruby/gems/2.3.0/gems/web-console-2.3.0/lib/web_console/templates/_prompt_box_markup.html.erb within layouts/inlined_string (0.5ms)
  Rendered /usr/local/lib/ruby/gems/2.3.0/gems/web-console-2.3.0/lib/web_console/templates/style.css.erb within layouts/inlined_string (1.2ms)
  Rendered /usr/local/lib/ruby/gems/2.3.0/gems/web-console-2.3.0/lib/web_console/templates/console.js.erb within layouts/javascript (231.7ms)
  Rendered /usr/local/lib/ruby/gems/2.3.0/gems/web-console-2.3.0/lib/web_console/templates/main.js.erb within layouts/javascript (0.7ms)
  Rendered /usr/local/lib/ruby/gems/2.3.0/gems/web-console-2.3.0/lib/web_console/templates/error_page.js.erb within layouts/javascript (0.9ms)
  Rendered /usr/local/lib/ruby/gems/2.3.0/gems/web-console-2.3.0/lib/web_console/templates/index.html.erb (453.6ms)
  [1m[36mTool Load (1.5ms)[0m  [1mSELECT  "tools".* FROM "tools"  ORDER BY "tools"."id" ASC LIMIT 1[0m
  [1m[35mUser Load (0.7ms)[0m  SELECT  "users".* FROM "users" WHERE "users"."id" = $1 LIMIT 1  [["id", 3]]
  [1m[36mUser Load (0.5ms)[0m  [1mSELECT  "users".* FROM "users" WHERE "users"."id" = $1 LIMIT 1[0m  [["id", 3]]
  [1m[36mActiveRecord::SchemaMigration Load (0.5ms)[0m  [1mSELECT "schema_migrations".* FROM "schema_migrations"[0m
  [1m[35mSQL (18.0ms)[0m  DELETE FROM "users"
  [1m[36mSQL (16.8ms)[0m  [1mDELETE FROM "tools"[0m
  [1m[35m (0.3ms)[0m  BEGIN
  [1m[36mUser Exists (0.9ms)[0m  [1mSELECT  1 AS one FROM "users" WHERE "users"."email" = 'clcblee@gmail.com' LIMIT 1[0m
  [1m[35mSQL (81.8ms)[0m  INSERT INTO "users" ("first_name", "last_name", "email", "street_address_1", "city", "state", "rating", "password_digest", "latitude", "longitude", "created_at", "updated_at") VALUES ($1, $2, $3, $4, $5, $6, $7, $8, $9, $10, $11, $12) RETURNING "id"  [["first_name", "Charlie"], ["last_name", "Lee"], ["email", "clcblee@gmail.com"], ["street_address_1", "740 Berkeley Ave"], ["city", "Charlotte"], ["state", "NC"], ["rating", 4], ["password_digest", "$2a$10$2WOKzjkrq714yKG0XZzUiutRPMwxUQcCTr.XunjmHxcUUnkOOCMSS"], ["latitude", 35.210191], ["longitude", -80.848816], ["created_at", "2016-05-15 19:39:24.597751"], ["updated_at", "2016-05-15 19:39:24.597751"]]
  [1m[36m (0.8ms)[0m  [1mCOMMIT[0m
  [1m[35m (0.2ms)[0m  BEGIN
  [1m[36mUser Exists (0.4ms)[0m  [1mSELECT  1 AS one FROM "users" WHERE "users"."email" = 'p@p.com' LIMIT 1[0m
  [1m[35mSQL (0.4ms)[0m  INSERT INTO "users" ("first_name", "last_name", "email", "street_address_1", "city", "state", "rating", "password_digest", "latitude", "longitude", "created_at", "updated_at") VALUES ($1, $2, $3, $4, $5, $6, $7, $8, $9, $10, $11, $12) RETURNING "id"  [["first_name", "Phil"], ["last_name", "Barnett"], ["email", "p@p.com"], ["street_address_1", "633 Folsom St"], ["city", "San Francisco"], ["state", "CA"], ["rating", 4], ["password_digest", "$2a$10$oipEWsnSPvN6CFM7rrXJ9..k02A99g3pwD7UP/G5V9QT41QC1qCW."], ["latitude", 37.7845165], ["longitude", -122.3971939], ["created_at", "2016-05-15 19:39:24.987969"], ["updated_at", "2016-05-15 19:39:24.987969"]]
  [1m[36m (0.5ms)[0m  [1mCOMMIT[0m
  [1m[35m (0.2ms)[0m  BEGIN
  [1m[36mUser Exists (0.5ms)[0m  [1mSELECT  1 AS one FROM "users" WHERE "users"."email" = 'pp@pp.com' LIMIT 1[0m
  [1m[35mSQL (0.5ms)[0m  INSERT INTO "users" ("first_name", "last_name", "email", "street_address_1", "city", "state", "rating", "password_digest", "latitude", "longitude", "created_at", "updated_at") VALUES ($1, $2, $3, $4, $5, $6, $7, $8, $9, $10, $11, $12) RETURNING "id"  [["first_name", "Philip"], ["last_name", "B"], ["email", "pp@pp.com"], ["street_address_1", "425 Market St"], ["city", "San Francisco"], ["state", "CA"], ["rating", 4], ["password_digest", "$2a$10$KbqKzbC5Rc0RDCphHDm8leJ9zHrzQmBzPepinDzzNsHJO6cjRDJKK"], ["latitude", 37.79119230000001], ["longitude", -122.3981466], ["created_at", "2016-05-15 19:39:26.169590"], ["updated_at", "2016-05-15 19:39:26.169590"]]
  [1m[36m (0.6ms)[0m  [1mCOMMIT[0m
  [1m[35m (0.2ms)[0m  BEGIN
  [1m[36mSQL (0.4ms)[0m  [1mINSERT INTO "tools" ("user_id", "title", "created_at", "updated_at") VALUES ($1, $2, $3, $4) RETURNING "id"[0m  [["user_id", 7], ["title", "drill"], ["created_at", "2016-05-15 19:39:26.350755"], ["updated_at", "2016-05-15 19:39:26.350755"]]
  [1m[35m (17.8ms)[0m  COMMIT
  [1m[36m (0.2ms)[0m  [1mBEGIN[0m
  [1m[35mSQL (2.8ms)[0m  INSERT INTO "tools" ("user_id", "title", "created_at", "updated_at") VALUES ($1, $2, $3, $4) RETURNING "id"  [["user_id", 7], ["title", "saw"], ["created_at", "2016-05-15 19:39:26.372171"], ["updated_at", "2016-05-15 19:39:26.372171"]]
  [1m[36m (0.6ms)[0m  [1mCOMMIT[0m
  [1m[35m (0.2ms)[0m  BEGIN
  [1m[36mSQL (0.3ms)[0m  [1mINSERT INTO "tools" ("user_id", "title", "created_at", "updated_at") VALUES ($1, $2, $3, $4) RETURNING "id"[0m  [["user_id", 8], ["title", "drill"], ["created_at", "2016-05-15 19:39:26.378979"], ["updated_at", "2016-05-15 19:39:26.378979"]]
  [1m[35m (0.6ms)[0m  COMMIT
  [1m[36m (0.1ms)[0m  [1mBEGIN[0m
  [1m[35mSQL (0.3ms)[0m  INSERT INTO "tools" ("user_id", "title", "created_at", "updated_at") VALUES ($1, $2, $3, $4) RETURNING "id"  [["user_id", 8], ["title", "saw"], ["created_at", "2016-05-15 19:39:26.382479"], ["updated_at", "2016-05-15 19:39:26.382479"]]
  [1m[36m (0.6ms)[0m  [1mCOMMIT[0m
  [1m[35m (0.1ms)[0m  BEGIN
  [1m[36mSQL (0.3ms)[0m  [1mINSERT INTO "tools" ("user_id", "title", "created_at", "updated_at") VALUES ($1, $2, $3, $4) RETURNING "id"[0m  [["user_id", 8], ["title", "sander"], ["created_at", "2016-05-15 19:39:26.385589"], ["updated_at", "2016-05-15 19:39:26.385589"]]
  [1m[35m (0.7ms)[0m  COMMIT
  [1m[36m (0.2ms)[0m  [1mBEGIN[0m
  [1m[35mSQL (0.3ms)[0m  INSERT INTO "tools" ("user_id", "title", "created_at", "updated_at") VALUES ($1, $2, $3, $4) RETURNING "id"  [["user_id", 9], ["title", "drill"], ["created_at", "2016-05-15 19:39:26.389136"], ["updated_at", "2016-05-15 19:39:26.389136"]]
  [1m[36m (0.6ms)[0m  [1mCOMMIT[0m
  [1m[35m (0.1ms)[0m  BEGIN
  [1m[36mSQL (0.3ms)[0m  [1mINSERT INTO "tools" ("user_id", "title", "created_at", "updated_at") VALUES ($1, $2, $3, $4) RETURNING "id"[0m  [["user_id", 9], ["title", "saw"], ["created_at", "2016-05-15 19:39:26.392702"], ["updated_at", "2016-05-15 19:39:26.392702"]]
  [1m[35m (0.6ms)[0m  COMMIT
  [1m[36m (0.1ms)[0m  [1mBEGIN[0m
  [1m[35mSQL (0.2ms)[0m  INSERT INTO "tools" ("user_id", "title", "created_at", "updated_at") VALUES ($1, $2, $3, $4) RETURNING "id"  [["user_id", 9], ["title", "sander"], ["created_at", "2016-05-15 19:39:26.395764"], ["updated_at", "2016-05-15 19:39:26.395764"]]
  [1m[36m (1.5ms)[0m  [1mCOMMIT[0m


Started GET "/" for ::1 at 2016-05-15 12:39:35 -0700
Processing by ToolsController#index as HTML
  [1m[35mTool Load (0.8ms)[0m  SELECT "tools".* FROM "tools"
  [1m[36mUser Load (13.0ms)[0m  [1mSELECT  "users".* FROM "users" WHERE "users"."id" = $1 LIMIT 1[0m  [["id", 7]]
  [1m[35mCACHE (0.0ms)[0m  SELECT  "users".* FROM "users" WHERE "users"."id" = $1 LIMIT 1  [["id", 7]]
  [1m[36mUser Load (0.6ms)[0m  [1mSELECT  "users".* FROM "users" WHERE "users"."id" = $1 LIMIT 1[0m  [["id", 8]]
  [1m[35mCACHE (0.0ms)[0m  SELECT  "users".* FROM "users" WHERE "users"."id" = $1 LIMIT 1  [["id", 8]]
  [1m[36mCACHE (0.0ms)[0m  [1mSELECT  "users".* FROM "users" WHERE "users"."id" = $1 LIMIT 1[0m  [["id", 8]]
  [1m[35mUser Load (0.5ms)[0m  SELECT  "users".* FROM "users" WHERE "users"."id" = $1 LIMIT 1  [["id", 9]]
  [1m[36mCACHE (0.0ms)[0m  [1mSELECT  "users".* FROM "users" WHERE "users"."id" = $1 LIMIT 1[0m  [["id", 9]]
  [1m[35mCACHE (0.0ms)[0m  SELECT  "users".* FROM "users" WHERE "users"."id" = $1 LIMIT 1  [["id", 9]]
Completed 200 OK in 2167ms (Views: 7.8ms | ActiveRecord: 15.1ms)
  [1m[36mActiveRecord::SchemaMigration Load (22.2ms)[0m  [1mSELECT "schema_migrations".* FROM "schema_migrations"[0m
  [1m[35mSQL (1409.4ms)[0m  DELETE FROM "users"
  [1m[36mSQL (28.2ms)[0m  [1mDELETE FROM "tools"[0m
  [1m[35m (0.7ms)[0m  BEGIN
  [1m[36mUser Exists (1.1ms)[0m  [1mSELECT  1 AS one FROM "users" WHERE "users"."email" = 'clcblee@gmail.com' LIMIT 1[0m
  [1m[35mSQL (11.0ms)[0m  INSERT INTO "users" ("first_name", "last_name", "email", "street_address_1", "city", "state", "rating", "latitude", "longitude", "created_at", "updated_at") VALUES ($1, $2, $3, $4, $5, $6, $7, $8, $9, $10, $11) RETURNING "id"  [["first_name", "Charlie"], ["last_name", "Lee"], ["email", "clcblee@gmail.com"], ["street_address_1", "740 Berkeley Ave"], ["city", "Charlotte"], ["state", "NC"], ["rating", 4], ["latitude", 35.210191], ["longitude", -80.848816], ["created_at", "2016-05-15 21:56:39.709476"], ["updated_at", "2016-05-15 21:56:39.709476"]]
  [1m[36m (1.6ms)[0m  [1mCOMMIT[0m
  [1m[35m (0.1ms)[0m  BEGIN
  [1m[36mUser Exists (0.4ms)[0m  [1mSELECT  1 AS one FROM "users" WHERE "users"."email" = 'p@p.com' LIMIT 1[0m
  [1m[35mSQL (0.4ms)[0m  INSERT INTO "users" ("first_name", "last_name", "email", "street_address_1", "city", "state", "rating", "latitude", "longitude", "created_at", "updated_at") VALUES ($1, $2, $3, $4, $5, $6, $7, $8, $9, $10, $11) RETURNING "id"  [["first_name", "Phil"], ["last_name", "Barnett"], ["email", "p@p.com"], ["street_address_1", "633 Folsom St"], ["city", "San Francisco"], ["state", "CA"], ["rating", 4], ["latitude", 37.7845165], ["longitude", -122.3971939], ["created_at", "2016-05-15 21:56:39.993870"], ["updated_at", "2016-05-15 21:56:39.993870"]]
  [1m[36m (0.6ms)[0m  [1mCOMMIT[0m
  [1m[35m (0.1ms)[0m  BEGIN
  [1m[36mUser Exists (0.4ms)[0m  [1mSELECT  1 AS one FROM "users" WHERE "users"."email" = 'pp@pp.com' LIMIT 1[0m
  [1m[35mSQL (0.7ms)[0m  INSERT INTO "users" ("first_name", "last_name", "email", "street_address_1", "city", "state", "rating", "latitude", "longitude", "created_at", "updated_at") VALUES ($1, $2, $3, $4, $5, $6, $7, $8, $9, $10, $11) RETURNING "id"  [["first_name", "Philip"], ["last_name", "B"], ["email", "pp@pp.com"], ["street_address_1", "425 Market St"], ["city", "San Francisco"], ["state", "CA"], ["rating", 4], ["latitude", 37.79119230000001], ["longitude", -122.3981466], ["created_at", "2016-05-15 21:56:40.277883"], ["updated_at", "2016-05-15 21:56:40.277883"]]
  [1m[36m (0.8ms)[0m  [1mCOMMIT[0m
  [1m[35m (0.2ms)[0m  BEGIN
  [1m[36mSQL (0.4ms)[0m  [1mINSERT INTO "tools" ("user_id", "title", "created_at", "updated_at") VALUES ($1, $2, $3, $4) RETURNING "id"[0m  [["user_id", 10], ["title", "drill"], ["created_at", "2016-05-15 21:56:40.341800"], ["updated_at", "2016-05-15 21:56:40.341800"]]
  [1m[35m (15.4ms)[0m  COMMIT
  [1m[36m (0.3ms)[0m  [1mBEGIN[0m
  [1m[35mSQL (0.4ms)[0m  INSERT INTO "tools" ("user_id", "title", "created_at", "updated_at") VALUES ($1, $2, $3, $4) RETURNING "id"  [["user_id", 10], ["title", "saw"], ["created_at", "2016-05-15 21:56:40.361395"], ["updated_at", "2016-05-15 21:56:40.361395"]]
  [1m[36m (0.6ms)[0m  [1mCOMMIT[0m
  [1m[35m (0.1ms)[0m  BEGIN
  [1m[36mSQL (0.3ms)[0m  [1mINSERT INTO "tools" ("user_id", "title", "created_at", "updated_at") VALUES ($1, $2, $3, $4) RETURNING "id"[0m  [["user_id", 11], ["title", "drill"], ["created_at", "2016-05-15 21:56:40.364973"], ["updated_at", "2016-05-15 21:56:40.364973"]]
  [1m[35m (0.6ms)[0m  COMMIT
  [1m[36m (0.1ms)[0m  [1mBEGIN[0m
  [1m[35mSQL (0.3ms)[0m  INSERT INTO "tools" ("user_id", "title", "created_at", "updated_at") VALUES ($1, $2, $3, $4) RETURNING "id"  [["user_id", 11], ["title", "saw"], ["created_at", "2016-05-15 21:56:40.367969"], ["updated_at", "2016-05-15 21:56:40.367969"]]
  [1m[36m (0.6ms)[0m  [1mCOMMIT[0m
  [1m[35m (0.1ms)[0m  BEGIN
  [1m[36mSQL (0.2ms)[0m  [1mINSERT INTO "tools" ("user_id", "title", "created_at", "updated_at") VALUES ($1, $2, $3, $4) RETURNING "id"[0m  [["user_id", 11], ["title", "sander"], ["created_at", "2016-05-15 21:56:40.370904"], ["updated_at", "2016-05-15 21:56:40.370904"]]
  [1m[35m (0.5ms)[0m  COMMIT
  [1m[36m (0.1ms)[0m  [1mBEGIN[0m
  [1m[35mSQL (0.3ms)[0m  INSERT INTO "tools" ("user_id", "title", "created_at", "updated_at") VALUES ($1, $2, $3, $4) RETURNING "id"  [["user_id", 12], ["title", "drill"], ["created_at", "2016-05-15 21:56:40.373884"], ["updated_at", "2016-05-15 21:56:40.373884"]]
  [1m[36m (0.4ms)[0m  [1mCOMMIT[0m
  [1m[35m (0.1ms)[0m  BEGIN
  [1m[36mSQL (0.7ms)[0m  [1mINSERT INTO "tools" ("user_id", "title", "created_at", "updated_at") VALUES ($1, $2, $3, $4) RETURNING "id"[0m  [["user_id", 12], ["title", "saw"], ["created_at", "2016-05-15 21:56:40.376820"], ["updated_at", "2016-05-15 21:56:40.376820"]]
  [1m[35m (0.8ms)[0m  COMMIT
  [1m[36m (0.1ms)[0m  [1mBEGIN[0m
  [1m[35mSQL (0.2ms)[0m  INSERT INTO "tools" ("user_id", "title", "created_at", "updated_at") VALUES ($1, $2, $3, $4) RETURNING "id"  [["user_id", 12], ["title", "sander"], ["created_at", "2016-05-15 21:56:40.383030"], ["updated_at", "2016-05-15 21:56:40.383030"]]
  [1m[36m (0.6ms)[0m  [1mCOMMIT[0m
  [1m[36mUser Load (1.0ms)[0m  [1mSELECT "users".* FROM "users"[0m
  [1m[35m (2.0ms)[0m  SELECT COUNT(*) FROM "users"
  [1m[36mActiveRecord::SchemaMigration Load (13.6ms)[0m  [1mSELECT "schema_migrations".* FROM "schema_migrations"[0m
  [1m[35mActiveRecord::SchemaMigration Load (0.5ms)[0m  SELECT "schema_migrations".* FROM "schema_migrations"
  [1m[36m (6.5ms)[0m  [1mSELECT t2.oid::regclass::text AS to_table, a1.attname AS column, a2.attname AS primary_key, c.conname AS name, c.confupdtype AS on_update, c.confdeltype AS on_delete
FROM pg_constraint c
JOIN pg_class t1 ON c.conrelid = t1.oid
JOIN pg_class t2 ON c.confrelid = t2.oid
JOIN pg_attribute a1 ON a1.attnum = c.conkey[1] AND a1.attrelid = t1.oid
JOIN pg_attribute a2 ON a2.attnum = c.confkey[1] AND a2.attrelid = t2.oid
JOIN pg_namespace t3 ON c.connamespace = t3.oid
WHERE c.contype = 'f'
  AND t1.relname = 'flags'
  AND t3.nspname = ANY (current_schemas(false))
ORDER BY c.conname
[0m
  [1m[35m (5.7ms)[0m  SELECT t2.oid::regclass::text AS to_table, a1.attname AS column, a2.attname AS primary_key, c.conname AS name, c.confupdtype AS on_update, c.confdeltype AS on_delete
FROM pg_constraint c
JOIN pg_class t1 ON c.conrelid = t1.oid
JOIN pg_class t2 ON c.confrelid = t2.oid
JOIN pg_attribute a1 ON a1.attnum = c.conkey[1] AND a1.attrelid = t1.oid
JOIN pg_attribute a2 ON a2.attnum = c.confkey[1] AND a2.attrelid = t2.oid
JOIN pg_namespace t3 ON c.connamespace = t3.oid
WHERE c.contype = 'f'
  AND t1.relname = 'ratings'
  AND t3.nspname = ANY (current_schemas(false))
ORDER BY c.conname

  [1m[36m (5.1ms)[0m  [1mSELECT t2.oid::regclass::text AS to_table, a1.attname AS column, a2.attname AS primary_key, c.conname AS name, c.confupdtype AS on_update, c.confdeltype AS on_delete
FROM pg_constraint c
JOIN pg_class t1 ON c.conrelid = t1.oid
JOIN pg_class t2 ON c.confrelid = t2.oid
JOIN pg_attribute a1 ON a1.attnum = c.conkey[1] AND a1.attrelid = t1.oid
JOIN pg_attribute a2 ON a2.attnum = c.confkey[1] AND a2.attrelid = t2.oid
JOIN pg_namespace t3 ON c.connamespace = t3.oid
WHERE c.contype = 'f'
  AND t1.relname = 'tools'
  AND t3.nspname = ANY (current_schemas(false))
ORDER BY c.conname
[0m
  [1m[35m (5.1ms)[0m  SELECT t2.oid::regclass::text AS to_table, a1.attname AS column, a2.attname AS primary_key, c.conname AS name, c.confupdtype AS on_update, c.confdeltype AS on_delete
FROM pg_constraint c
JOIN pg_class t1 ON c.conrelid = t1.oid
JOIN pg_class t2 ON c.confrelid = t2.oid
JOIN pg_attribute a1 ON a1.attnum = c.conkey[1] AND a1.attrelid = t1.oid
JOIN pg_attribute a2 ON a2.attnum = c.confkey[1] AND a2.attrelid = t2.oid
JOIN pg_namespace t3 ON c.connamespace = t3.oid
WHERE c.contype = 'f'
  AND t1.relname = 'users'
  AND t3.nspname = ANY (current_schemas(false))
ORDER BY c.conname

  [1m[36mActiveRecord::SchemaMigration Load (1.1ms)[0m  [1mSELECT "schema_migrations".* FROM "schema_migrations"[0m
  [1m[35mSQL (2.6ms)[0m  DELETE FROM "users"
  [1m[36mSQL (3.3ms)[0m  [1mDELETE FROM "tools"[0m
  [1m[35m (0.3ms)[0m  BEGIN
  [1m[36mUser Exists (6.8ms)[0m  [1mSELECT  1 AS one FROM "users" WHERE "users"."email" = 'clcblee@gmail.com' LIMIT 1[0m
  [1m[35mSQL (7.7ms)[0m  INSERT INTO "users" ("first_name", "last_name", "email", "street_address_1", "city", "state", "rating", "latitude", "longitude", "created_at", "updated_at") VALUES ($1, $2, $3, $4, $5, $6, $7, $8, $9, $10, $11) RETURNING "id"  [["first_name", "Charlie"], ["last_name", "Lee"], ["email", "clcblee@gmail.com"], ["street_address_1", "740 Berkeley Ave"], ["city", "Charlotte"], ["state", "NC"], ["rating", 4], ["latitude", 35.210191], ["longitude", -80.848816], ["created_at", "2016-05-15 22:05:08.882665"], ["updated_at", "2016-05-15 22:05:08.882665"]]
  [1m[36m (1.0ms)[0m  [1mCOMMIT[0m
  [1m[35m (0.3ms)[0m  BEGIN
  [1m[36mUser Exists (0.8ms)[0m  [1mSELECT  1 AS one FROM "users" WHERE "users"."email" = 'p@p.com' LIMIT 1[0m
  [1m[35mSQL (0.6ms)[0m  INSERT INTO "users" ("first_name", "last_name", "email", "street_address_1", "city", "state", "rating", "latitude", "longitude", "created_at", "updated_at") VALUES ($1, $2, $3, $4, $5, $6, $7, $8, $9, $10, $11) RETURNING "id"  [["first_name", "Phil"], ["last_name", "Barnett"], ["email", "p@p.com"], ["street_address_1", "633 Folsom St"], ["city", "San Francisco"], ["state", "CA"], ["rating", 4], ["latitude", 37.7845165], ["longitude", -122.3971939], ["created_at", "2016-05-15 22:05:09.106516"], ["updated_at", "2016-05-15 22:05:09.106516"]]
  [1m[36m (1.3ms)[0m  [1mCOMMIT[0m
  [1m[35m (0.2ms)[0m  BEGIN
  [1m[36mUser Exists (0.6ms)[0m  [1mSELECT  1 AS one FROM "users" WHERE "users"."email" = 'pp@pp.com' LIMIT 1[0m
  [1m[35mSQL (0.7ms)[0m  INSERT INTO "users" ("first_name", "last_name", "email", "street_address_1", "city", "state", "rating", "latitude", "longitude", "created_at", "updated_at") VALUES ($1, $2, $3, $4, $5, $6, $7, $8, $9, $10, $11) RETURNING "id"  [["first_name", "Philip"], ["last_name", "B"], ["email", "pp@pp.com"], ["street_address_1", "425 Market St"], ["city", "San Francisco"], ["state", "CA"], ["rating", 4], ["latitude", 37.79119230000001], ["longitude", -122.3981466], ["created_at", "2016-05-15 22:05:09.335820"], ["updated_at", "2016-05-15 22:05:09.335820"]]
  [1m[36m (1.3ms)[0m  [1mCOMMIT[0m
  [1m[35m (0.4ms)[0m  BEGIN
  [1m[36mSQL (3.9ms)[0m  [1mINSERT INTO "tools" ("user_id", "title", "created_at", "updated_at") VALUES ($1, $2, $3, $4) RETURNING "id"[0m  [["user_id", 1], ["title", "drill"], ["created_at", "2016-05-15 22:05:09.377227"], ["updated_at", "2016-05-15 22:05:09.377227"]]
  [1m[35m (7.0ms)[0m  COMMIT
  [1m[36m (0.3ms)[0m  [1mBEGIN[0m
  [1m[35mSQL (0.6ms)[0m  INSERT INTO "tools" ("user_id", "title", "created_at", "updated_at") VALUES ($1, $2, $3, $4) RETURNING "id"  [["user_id", 1], ["title", "saw"], ["created_at", "2016-05-15 22:05:09.394137"], ["updated_at", "2016-05-15 22:05:09.394137"]]
  [1m[36m (0.8ms)[0m  [1mCOMMIT[0m
  [1m[35m (0.2ms)[0m  BEGIN
  [1m[36mSQL (0.5ms)[0m  [1mINSERT INTO "tools" ("user_id", "title", "created_at", "updated_at") VALUES ($1, $2, $3, $4) RETURNING "id"[0m  [["user_id", 2], ["title", "drill"], ["created_at", "2016-05-15 22:05:09.399928"], ["updated_at", "2016-05-15 22:05:09.399928"]]
  [1m[35m (0.7ms)[0m  COMMIT
  [1m[36m (0.3ms)[0m  [1mBEGIN[0m
  [1m[35mSQL (0.5ms)[0m  INSERT INTO "tools" ("user_id", "title", "created_at", "updated_at") VALUES ($1, $2, $3, $4) RETURNING "id"  [["user_id", 2], ["title", "saw"], ["created_at", "2016-05-15 22:05:09.405227"], ["updated_at", "2016-05-15 22:05:09.405227"]]
  [1m[36m (0.7ms)[0m  [1mCOMMIT[0m
  [1m[35m (0.2ms)[0m  BEGIN
  [1m[36mSQL (0.5ms)[0m  [1mINSERT INTO "tools" ("user_id", "title", "created_at", "updated_at") VALUES ($1, $2, $3, $4) RETURNING "id"[0m  [["user_id", 2], ["title", "sander"], ["created_at", "2016-05-15 22:05:09.410358"], ["updated_at", "2016-05-15 22:05:09.410358"]]
  [1m[35m (0.6ms)[0m  COMMIT
  [1m[36m (0.2ms)[0m  [1mBEGIN[0m
  [1m[35mSQL (0.5ms)[0m  INSERT INTO "tools" ("user_id", "title", "created_at", "updated_at") VALUES ($1, $2, $3, $4) RETURNING "id"  [["user_id", 3], ["title", "drill"], ["created_at", "2016-05-15 22:05:09.415865"], ["updated_at", "2016-05-15 22:05:09.415865"]]
  [1m[36m (0.7ms)[0m  [1mCOMMIT[0m
  [1m[35m (0.2ms)[0m  BEGIN
  [1m[36mSQL (0.4ms)[0m  [1mINSERT INTO "tools" ("user_id", "title", "created_at", "updated_at") VALUES ($1, $2, $3, $4) RETURNING "id"[0m  [["user_id", 3], ["title", "saw"], ["created_at", "2016-05-15 22:05:09.421143"], ["updated_at", "2016-05-15 22:05:09.421143"]]
  [1m[35m (0.7ms)[0m  COMMIT
  [1m[36m (0.3ms)[0m  [1mBEGIN[0m
  [1m[35mSQL (0.4ms)[0m  INSERT INTO "tools" ("user_id", "title", "created_at", "updated_at") VALUES ($1, $2, $3, $4) RETURNING "id"  [["user_id", 3], ["title", "sander"], ["created_at", "2016-05-15 22:05:09.426493"], ["updated_at", "2016-05-15 22:05:09.426493"]]
  [1m[36m (0.7ms)[0m  [1mCOMMIT[0m
  [1m[36mUser Load (1.3ms)[0m  [1mSELECT "users".* FROM "users"[0m
  [1m[35m (0.6ms)[0m  SELECT COUNT(*) FROM "users"
  [1m[36m (0.4ms)[0m  [1mSELECT COUNT(*) FROM "tools"[0m


Started POST "/" for ::1 at 2016-05-15 15:08:29 -0700
  [1m[36mActiveRecord::SchemaMigration Load (0.4ms)[0m  [1mSELECT "schema_migrations".* FROM "schema_migrations"[0m

ActionController::RoutingError (No route matches [POST] "/"):
  actionpack (4.2.6) lib/action_dispatch/middleware/debug_exceptions.rb:21:in `call'
  web-console (2.3.0) lib/web_console/middleware.rb:28:in `block in call'
  web-console (2.3.0) lib/web_console/middleware.rb:18:in `catch'
  web-console (2.3.0) lib/web_console/middleware.rb:18:in `call'
  actionpack (4.2.6) lib/action_dispatch/middleware/show_exceptions.rb:30:in `call'
  railties (4.2.6) lib/rails/rack/logger.rb:38:in `call_app'
  railties (4.2.6) lib/rails/rack/logger.rb:20:in `block in call'
  activesupport (4.2.6) lib/active_support/tagged_logging.rb:68:in `block in tagged'
  activesupport (4.2.6) lib/active_support/tagged_logging.rb:26:in `tagged'
  activesupport (4.2.6) lib/active_support/tagged_logging.rb:68:in `tagged'
  railties (4.2.6) lib/rails/rack/logger.rb:20:in `call'
  actionpack (4.2.6) lib/action_dispatch/middleware/request_id.rb:21:in `call'
  rack (1.6.4) lib/rack/methodoverride.rb:22:in `call'
  rack (1.6.4) lib/rack/runtime.rb:18:in `call'
  activesupport (4.2.6) lib/active_support/cache/strategy/local_cache_middleware.rb:28:in `call'
  rack (1.6.4) lib/rack/lock.rb:17:in `call'
  actionpack (4.2.6) lib/action_dispatch/middleware/static.rb:120:in `call'
  rack (1.6.4) lib/rack/sendfile.rb:113:in `call'
  railties (4.2.6) lib/rails/engine.rb:518:in `call'
  railties (4.2.6) lib/rails/application.rb:165:in `call'
  rack (1.6.4) lib/rack/lock.rb:17:in `call'
  rack (1.6.4) lib/rack/content_length.rb:15:in `call'
  rack (1.6.4) lib/rack/handler/webrick.rb:88:in `service'
  /usr/local/Cellar/ruby/2.2.3/lib/ruby/2.2.0/webrick/httpserver.rb:138:in `service'
  /usr/local/Cellar/ruby/2.2.3/lib/ruby/2.2.0/webrick/httpserver.rb:94:in `run'
  /usr/local/Cellar/ruby/2.2.3/lib/ruby/2.2.0/webrick/server.rb:294:in `block in start_thread'


  Rendered /usr/local/lib/ruby/gems/2.2.0/gems/actionpack-4.2.6/lib/action_dispatch/middleware/templates/rescues/_trace.html.erb (1.4ms)
  Rendered /usr/local/lib/ruby/gems/2.2.0/gems/actionpack-4.2.6/lib/action_dispatch/middleware/templates/routes/_route.html.erb (1.7ms)
  Rendered /usr/local/lib/ruby/gems/2.2.0/gems/actionpack-4.2.6/lib/action_dispatch/middleware/templates/routes/_table.html.erb (11.3ms)
  Rendered /usr/local/lib/ruby/gems/2.2.0/gems/actionpack-4.2.6/lib/action_dispatch/middleware/templates/rescues/_request_and_response.html.erb (22.9ms)
  Rendered /usr/local/lib/ruby/gems/2.2.0/gems/actionpack-4.2.6/lib/action_dispatch/middleware/templates/rescues/routing_error.html.erb within rescues/layout (168.0ms)
  Rendered /usr/local/lib/ruby/gems/2.2.0/gems/web-console-2.3.0/lib/web_console/templates/_markup.html.erb (1.2ms)
  Rendered /usr/local/lib/ruby/gems/2.2.0/gems/web-console-2.3.0/lib/web_console/templates/_inner_console_markup.html.erb within layouts/inlined_string (0.5ms)
  Rendered /usr/local/lib/ruby/gems/2.2.0/gems/web-console-2.3.0/lib/web_console/templates/_prompt_box_markup.html.erb within layouts/inlined_string (0.6ms)
  Rendered /usr/local/lib/ruby/gems/2.2.0/gems/web-console-2.3.0/lib/web_console/templates/style.css.erb within layouts/inlined_string (0.6ms)
  Rendered /usr/local/lib/ruby/gems/2.2.0/gems/web-console-2.3.0/lib/web_console/templates/console.js.erb within layouts/javascript (168.6ms)
  Rendered /usr/local/lib/ruby/gems/2.2.0/gems/web-console-2.3.0/lib/web_console/templates/main.js.erb within layouts/javascript (0.5ms)
  Rendered /usr/local/lib/ruby/gems/2.2.0/gems/web-console-2.3.0/lib/web_console/templates/error_page.js.erb within layouts/javascript (0.6ms)
  Rendered /usr/local/lib/ruby/gems/2.2.0/gems/web-console-2.3.0/lib/web_console/templates/index.html.erb (297.5ms)


Started POST "/users" for ::1 at 2016-05-15 15:09:00 -0700
Processing by UsersController#create as */*
  Parameters: {"email"=>"", "first_name"=>"", "last_name"=>""}
  [1m[35mUser Load (2.5ms)[0m  SELECT  "users".* FROM "users" WHERE "users"."email" = $1 LIMIT 1  [["email", ""]]
  [1m[36m (0.2ms)[0m  [1mBEGIN[0m
  [1m[35mUser Exists (0.3ms)[0m  SELECT  1 AS one FROM "users" WHERE "users"."email" = '' LIMIT 1
  [1m[36m (6.2ms)[0m  [1mROLLBACK[0m
Completed 200 OK in 287ms (Views: 0.4ms | ActiveRecord: 13.8ms)


Started POST "/users" for ::1 at 2016-05-15 15:10:12 -0700
Processing by UsersController#create as */*
  Parameters: {"email"=>"", "first_name"=>"", "last_name"=>""}
  [1m[35mUser Load (1.4ms)[0m  SELECT  "users".* FROM "users" WHERE "users"."email" = $1 LIMIT 1  [["email", ""]]
  [1m[36m (1.0ms)[0m  [1mBEGIN[0m
  [1m[35mUser Exists (5.9ms)[0m  SELECT  1 AS one FROM "users" WHERE "users"."email" = '' LIMIT 1
  [1m[36m (0.8ms)[0m  [1mROLLBACK[0m
Completed 200 OK in 73ms (Views: 0.5ms | ActiveRecord: 13.4ms)


Started POST "/users" for ::1 at 2016-05-15 15:10:58 -0700
Processing by UsersController#create as */*
  Parameters: {"email"=>"", "first_name"=>"", "last_name"=>""}
  [1m[35mUser Load (0.3ms)[0m  SELECT  "users".* FROM "users" WHERE "users"."email" = $1 LIMIT 1  [["email", ""]]
  [1m[36m (0.1ms)[0m  [1mBEGIN[0m
  [1m[35mUser Exists (0.7ms)[0m  SELECT  1 AS one FROM "users" WHERE "users"."email" = '' LIMIT 1
  [1m[36m (0.2ms)[0m  [1mROLLBACK[0m
Completed 200 OK in 8ms (Views: 0.3ms | ActiveRecord: 1.4ms)


Started POST "/users" for ::1 at 2016-05-15 15:11:38 -0700
Processing by UsersController#create as */*
  Parameters: {"email"=>"Optional(peterrkang@yahoo.com)", "first_name"=>"Optional(Pedro)", "last_name"=>"Optional(Qu)"}
  [1m[35mUser Load (0.3ms)[0m  SELECT  "users".* FROM "users" WHERE "users"."email" = $1 LIMIT 1  [["email", "Optional(peterrkang@yahoo.com)"]]
  [1m[36m (0.7ms)[0m  [1mBEGIN[0m
  [1m[35mUser Exists (1.1ms)[0m  SELECT  1 AS one FROM "users" WHERE "users"."email" = 'Optional(peterrkang@yahoo.com)' LIMIT 1
  [1m[36mSQL (1.7ms)[0m  [1mINSERT INTO "users" ("email", "first_name", "last_name", "latitude", "longitude", "created_at", "updated_at") VALUES ($1, $2, $3, $4, $5, $6, $7) RETURNING "id"[0m  [["email", "Optional(peterrkang@yahoo.com)"], ["first_name", "Optional(Pedro)"], ["last_name", "Optional(Qu)"], ["latitude", 0.0], ["longitude", 0.0], ["created_at", "2016-05-15 22:11:38.928321"], ["updated_at", "2016-05-15 22:11:38.928321"]]
  [1m[35m (12.8ms)[0m  COMMIT
Completed 200 OK in 302ms (Views: 0.2ms | ActiveRecord: 16.7ms)


Started POST "/users" for ::1 at 2016-05-15 15:12:41 -0700
Processing by UsersController#create as */*
  Parameters: {"email"=>"Optional(peterrkang@yahoo.com)", "first_name"=>"Optional(Pedro)", "last_name"=>"Optional(Qu)"}
  [1m[36mUser Load (0.3ms)[0m  [1mSELECT  "users".* FROM "users" WHERE "users"."email" = $1 LIMIT 1[0m  [["email", "Optional(peterrkang@yahoo.com)"]]
Completed 200 OK in 2ms (Views: 0.2ms | ActiveRecord: 0.3ms)
  [1m[36mUser Load (3.0ms)[0m  [1mSELECT  "users".* FROM "users"  ORDER BY "users"."id" DESC LIMIT 1[0m


Started POST "/users" for ::1 at 2016-05-15 15:17:30 -0700
Processing by UsersController#create as */*
  Parameters: {"email"=>"peterrkang@yahoo.com", "first_name"=>"Pedro", "last_name"=>"Qu"}
  [1m[35mUser Load (0.3ms)[0m  SELECT  "users".* FROM "users" WHERE "users"."email" = $1 LIMIT 1  [["email", "peterrkang@yahoo.com"]]
  [1m[36m (0.2ms)[0m  [1mBEGIN[0m
  [1m[35mUser Exists (0.4ms)[0m  SELECT  1 AS one FROM "users" WHERE "users"."email" = 'peterrkang@yahoo.com' LIMIT 1
  [1m[36mSQL (0.5ms)[0m  [1mINSERT INTO "users" ("email", "first_name", "last_name", "latitude", "longitude", "created_at", "updated_at") VALUES ($1, $2, $3, $4, $5, $6, $7) RETURNING "id"[0m  [["email", "peterrkang@yahoo.com"], ["first_name", "Pedro"], ["last_name", "Qu"], ["latitude", 0.0], ["longitude", 0.0], ["created_at", "2016-05-15 22:17:30.822587"], ["updated_at", "2016-05-15 22:17:30.822587"]]
  [1m[35m (1.8ms)[0m  COMMIT
Completed 200 OK in 644ms (Views: 1.3ms | ActiveRecord: 3.3ms)
  [1m[35mUser Load (0.2ms)[0m  SELECT  "users".* FROM "users"  ORDER BY "users"."id" DESC LIMIT 1
  [1m[36mActiveRecord::SchemaMigration Load (0.3ms)[0m  [1mSELECT "schema_migrations".* FROM "schema_migrations"[0m
  [1m[35mSQL (64.2ms)[0m  DELETE FROM "users"
  [1m[36mSQL (6.3ms)[0m  [1mDELETE FROM "tools"[0m
  [1m[35m (0.1ms)[0m  BEGIN
  [1m[36mUser Exists (0.5ms)[0m  [1mSELECT  1 AS one FROM "users" WHERE "users"."email" = 'clcblee@gmail.com' LIMIT 1[0m
  [1m[35mSQL (0.3ms)[0m  INSERT INTO "users" ("first_name", "last_name", "email", "street_address_1", "city", "state", "rating", "latitude", "longitude", "created_at", "updated_at") VALUES ($1, $2, $3, $4, $5, $6, $7, $8, $9, $10, $11) RETURNING "id"  [["first_name", "Charlie"], ["last_name", "Lee"], ["email", "clcblee@gmail.com"], ["street_address_1", "740 Berkeley Ave"], ["city", "Charlotte"], ["state", "NC"], ["rating", 4], ["latitude", 35.210191], ["longitude", -80.848816], ["created_at", "2016-05-16 00:15:16.614081"], ["updated_at", "2016-05-16 00:15:16.614081"]]
  [1m[36m (1.0ms)[0m  [1mCOMMIT[0m
  [1m[35m (0.1ms)[0m  BEGIN
  [1m[36mUser Exists (0.3ms)[0m  [1mSELECT  1 AS one FROM "users" WHERE "users"."email" = 'p@p.com' LIMIT 1[0m
  [1m[35mSQL (0.3ms)[0m  INSERT INTO "users" ("first_name", "last_name", "email", "street_address_1", "city", "state", "rating", "latitude", "longitude", "created_at", "updated_at") VALUES ($1, $2, $3, $4, $5, $6, $7, $8, $9, $10, $11) RETURNING "id"  [["first_name", "Phil"], ["last_name", "Barnett"], ["email", "p@p.com"], ["street_address_1", "633 Folsom St"], ["city", "San Francisco"], ["state", "CA"], ["rating", 4], ["latitude", 37.7845165], ["longitude", -122.3971939], ["created_at", "2016-05-16 00:15:16.874637"], ["updated_at", "2016-05-16 00:15:16.874637"]]
  [1m[36m (1.1ms)[0m  [1mCOMMIT[0m
  [1m[35m (0.1ms)[0m  BEGIN
  [1m[36mUser Exists (0.2ms)[0m  [1mSELECT  1 AS one FROM "users" WHERE "users"."email" = 'pp@pp.com' LIMIT 1[0m
  [1m[35mSQL (0.3ms)[0m  INSERT INTO "users" ("first_name", "last_name", "email", "street_address_1", "city", "state", "rating", "latitude", "longitude", "created_at", "updated_at") VALUES ($1, $2, $3, $4, $5, $6, $7, $8, $9, $10, $11) RETURNING "id"  [["first_name", "Philip"], ["last_name", "B"], ["email", "pp@pp.com"], ["street_address_1", "425 Market St"], ["city", "San Francisco"], ["state", "CA"], ["rating", 4], ["latitude", 37.79119230000001], ["longitude", -122.3981466], ["created_at", "2016-05-16 00:15:17.155859"], ["updated_at", "2016-05-16 00:15:17.155859"]]
  [1m[36m (1.0ms)[0m  [1mCOMMIT[0m
  [1m[35m (0.1ms)[0m  BEGIN
  [1m[36mSQL (0.2ms)[0m  [1mINSERT INTO "tools" ("user_id", "title", "created_at", "updated_at") VALUES ($1, $2, $3, $4) RETURNING "id"[0m  [["user_id", 6], ["title", "drill"], ["created_at", "2016-05-16 00:15:17.175491"], ["updated_at", "2016-05-16 00:15:17.175491"]]
  [1m[35m (6.3ms)[0m  COMMIT
  [1m[36m (0.1ms)[0m  [1mBEGIN[0m
  [1m[35mSQL (0.3ms)[0m  INSERT INTO "tools" ("user_id", "title", "created_at", "updated_at") VALUES ($1, $2, $3, $4) RETURNING "id"  [["user_id", 6], ["title", "saw"], ["created_at", "2016-05-16 00:15:17.184070"], ["updated_at", "2016-05-16 00:15:17.184070"]]
  [1m[36m (6.2ms)[0m  [1mCOMMIT[0m
  [1m[35m (0.1ms)[0m  BEGIN
  [1m[36mSQL (0.3ms)[0m  [1mINSERT INTO "tools" ("user_id", "title", "created_at", "updated_at") VALUES ($1, $2, $3, $4) RETURNING "id"[0m  [["user_id", 7], ["title", "drill"], ["created_at", "2016-05-16 00:15:17.192884"], ["updated_at", "2016-05-16 00:15:17.192884"]]
  [1m[35m (0.6ms)[0m  COMMIT
  [1m[36m (0.1ms)[0m  [1mBEGIN[0m
  [1m[35mSQL (0.2ms)[0m  INSERT INTO "tools" ("user_id", "title", "created_at", "updated_at") VALUES ($1, $2, $3, $4) RETURNING "id"  [["user_id", 7], ["title", "saw"], ["created_at", "2016-05-16 00:15:17.196083"], ["updated_at", "2016-05-16 00:15:17.196083"]]
  [1m[36m (0.4ms)[0m  [1mCOMMIT[0m
  [1m[35m (0.1ms)[0m  BEGIN
  [1m[36mSQL (0.2ms)[0m  [1mINSERT INTO "tools" ("user_id", "title", "created_at", "updated_at") VALUES ($1, $2, $3, $4) RETURNING "id"[0m  [["user_id", 7], ["title", "sander"], ["created_at", "2016-05-16 00:15:17.198244"], ["updated_at", "2016-05-16 00:15:17.198244"]]
  [1m[35m (0.3ms)[0m  COMMIT
  [1m[36m (0.1ms)[0m  [1mBEGIN[0m
  [1m[35mSQL (0.2ms)[0m  INSERT INTO "tools" ("user_id", "title", "created_at", "updated_at") VALUES ($1, $2, $3, $4) RETURNING "id"  [["user_id", 8], ["title", "drill"], ["created_at", "2016-05-16 00:15:17.200120"], ["updated_at", "2016-05-16 00:15:17.200120"]]
  [1m[36m (0.3ms)[0m  [1mCOMMIT[0m
  [1m[35m (0.1ms)[0m  BEGIN
  [1m[36mSQL (0.1ms)[0m  [1mINSERT INTO "tools" ("user_id", "title", "created_at", "updated_at") VALUES ($1, $2, $3, $4) RETURNING "id"[0m  [["user_id", 8], ["title", "saw"], ["created_at", "2016-05-16 00:15:17.201939"], ["updated_at", "2016-05-16 00:15:17.201939"]]
  [1m[35m (0.3ms)[0m  COMMIT
  [1m[36m (0.1ms)[0m  [1mBEGIN[0m
  [1m[35mSQL (0.2ms)[0m  INSERT INTO "tools" ("user_id", "title", "created_at", "updated_at") VALUES ($1, $2, $3, $4) RETURNING "id"  [["user_id", 8], ["title", "sander"], ["created_at", "2016-05-16 00:15:17.203621"], ["updated_at", "2016-05-16 00:15:17.203621"]]
  [1m[36m (0.3ms)[0m  [1mCOMMIT[0m


Started POST "/users" for ::1 at 2016-05-15 17:15:51 -0700
  [1m[36mActiveRecord::SchemaMigration Load (0.5ms)[0m  [1mSELECT "schema_migrations".* FROM "schema_migrations"[0m
Processing by UsersController#create as */*
  Parameters: {"email"=>"peterrkang@yahoo.com", "first_name"=>"Pedro", "image"=>"https://scontent.xx.fbcdn.net/v/t1.0-1/p200x200/12003867_1632665753681240_7651872797101993633_n.jpg?oh=2a434528d9b67426881e40258e25f713&oe=57A1BEF1", "last_name"=>"Qu"}
  [1m[35mUser Load (0.6ms)[0m  SELECT  "users".* FROM "users" WHERE "users"."email" = $1 LIMIT 1  [["email", "peterrkang@yahoo.com"]]
  [1m[36m (0.1ms)[0m  [1mBEGIN[0m
  [1m[35mUser Exists (0.9ms)[0m  SELECT  1 AS one FROM "users" WHERE "users"."email" = 'peterrkang@yahoo.com' LIMIT 1
  [1m[36mSQL (0.3ms)[0m  [1mINSERT INTO "users" ("email", "first_name", "last_name", "image", "latitude", "longitude", "created_at", "updated_at") VALUES ($1, $2, $3, $4, $5, $6, $7, $8) RETURNING "id"[0m  [["email", "peterrkang@yahoo.com"], ["first_name", "Pedro"], ["last_name", "Qu"], ["image", "https://scontent.xx.fbcdn.net/v/t1.0-1/p200x200/12003867_1632665753681240_7651872797101993633_n.jpg?oh=2a434528d9b67426881e40258e25f713&oe=57A1BEF1"], ["latitude", 0.0], ["longitude", 0.0], ["created_at", "2016-05-16 00:15:52.771824"], ["updated_at", "2016-05-16 00:15:52.771824"]]
  [1m[35m (0.9ms)[0m  COMMIT
Completed 200 OK in 318ms (Views: 0.4ms | ActiveRecord: 6.1ms)
  [1m[36m (44.0ms)[0m  [1mSELECT COUNT(*) FROM "flags"[0m
  [1m[35m (0.3ms)[0m  SELECT COUNT(*) FROM "flags"
  [1m[36mUser Load (1.1ms)[0m  [1mSELECT "users".* FROM "users"[0m
  [1m[35m (0.7ms)[0m  SELECT COUNT(*) FROM "users"
  [1m[36mTool Load (1.6ms)[0m  [1mSELECT "tools".* FROM "tools"[0m
  [1m[35mUser Load (0.9ms)[0m  SELECT  "users".* FROM "users" WHERE "users"."id" = $1 LIMIT 1  [["id", 10]]
  [1m[36mUser Load (0.4ms)[0m  [1mSELECT  "users".* FROM "users" WHERE "users"."id" = $1 LIMIT 1[0m  [["id", 11]]
  [1m[35mUser Load (0.3ms)[0m  SELECT  "users".* FROM "users" WHERE "users"."id" = $1 LIMIT 1  [["id", 12]]
  [1m[36mTool Load (0.8ms)[0m  [1mSELECT "tools".* FROM "tools"[0m
  [1m[35mUser Load (0.9ms)[0m  SELECT  "users".* FROM "users" WHERE "users"."id" = $1 LIMIT 1  [["id", 10]]
  [1m[36mUser Load (0.4ms)[0m  [1mSELECT  "users".* FROM "users" WHERE "users"."id" = $1 LIMIT 1[0m  [["id", 11]]
  [1m[35mUser Load (0.3ms)[0m  SELECT  "users".* FROM "users" WHERE "users"."id" = $1 LIMIT 1  [["id", 12]]
  [1m[36mTool Load (0.8ms)[0m  [1mSELECT "tools".* FROM "tools"[0m
  [1m[35mUser Load (1.2ms)[0m  SELECT  "users".* FROM "users" WHERE "users"."id" = $1 LIMIT 1  [["id", 10]]
  [1m[36mUser Load (0.5ms)[0m  [1mSELECT  "users".* FROM "users" WHERE "users"."id" = $1 LIMIT 1[0m  [["id", 11]]
  [1m[35mUser Load (0.4ms)[0m  SELECT  "users".* FROM "users" WHERE "users"."id" = $1 LIMIT 1  [["id", 12]]
  [1m[36mTool Load (0.9ms)[0m  [1mSELECT "tools".* FROM "tools"[0m
  [1m[35mUser Load (0.7ms)[0m  SELECT  "users".* FROM "users" WHERE "users"."id" = $1 LIMIT 1  [["id", 10]]
  [1m[36mUser Load (0.7ms)[0m  [1mSELECT  "users".* FROM "users" WHERE "users"."id" = $1 LIMIT 1[0m  [["id", 11]]
  [1m[35mUser Load (0.5ms)[0m  SELECT  "users".* FROM "users" WHERE "users"."id" = $1 LIMIT 1  [["id", 12]]


Started GET "/tools/search?keyword=drill&latitude=37.784517&longitude=-122.397194" for ::1 at 2016-05-18 10:34:20 -0700
  [1m[36mActiveRecord::SchemaMigration Load (50.8ms)[0m  [1mSELECT "schema_migrations".* FROM "schema_migrations"[0m
Processing by ToolsController#search as HTML
  Parameters: {"keyword"=>"drill", "latitude"=>"37.784517", "longitude"=>"-122.397194"}
  [1m[35mTool Load (21.0ms)[0m  SELECT "tools".* FROM "tools"
  [1m[36mUser Load (0.8ms)[0m  [1mSELECT  "users".* FROM "users" WHERE "users"."id" = $1 LIMIT 1[0m  [["id", 10]]
  [1m[35mUser Load (0.9ms)[0m  SELECT  "users".* FROM "users" WHERE "users"."id" = $1 LIMIT 1  [["id", 11]]
  [1m[36mUser Load (0.5ms)[0m  [1mSELECT  "users".* FROM "users" WHERE "users"."id" = $1 LIMIT 1[0m  [["id", 12]]
Completed 200 OK in 1225ms (Views: 0.4ms | ActiveRecord: 29.0ms)


Started GET "/tools/search?keyword=drill&latitude=37.784517&longitude=-122.397194" for ::1 at 2016-05-18 10:35:42 -0700
Processing by ToolsController#search as HTML
  Parameters: {"keyword"=>"drill", "latitude"=>"37.784517", "longitude"=>"-122.397194"}
  [1m[35mTool Load (0.9ms)[0m  SELECT "tools".* FROM "tools"
  [1m[36mUser Load (2.5ms)[0m  [1mSELECT  "users".* FROM "users" WHERE "users"."id" = $1 LIMIT 1[0m  [["id", 10]]
  [1m[35mUser Load (0.5ms)[0m  SELECT  "users".* FROM "users" WHERE "users"."id" = $1 LIMIT 1  [["id", 11]]
  [1m[36mUser Load (0.5ms)[0m  [1mSELECT  "users".* FROM "users" WHERE "users"."id" = $1 LIMIT 1[0m  [["id", 12]]
Completed 200 OK in 994ms (Views: 3.3ms | ActiveRecord: 17.1ms)


Started GET "/tools/search?keyword=drill&latitude=37.784517&longitude=-122.397194" for ::1 at 2016-05-18 10:38:17 -0700
Processing by ToolsController#search as HTML
  Parameters: {"keyword"=>"drill", "latitude"=>"37.784517", "longitude"=>"-122.397194"}
  [1m[35mTool Load (0.4ms)[0m  SELECT "tools".* FROM "tools"
  [1m[36mUser Load (0.2ms)[0m  [1mSELECT  "users".* FROM "users" WHERE "users"."id" = $1 LIMIT 1[0m  [["id", 10]]
  [1m[35mUser Load (0.4ms)[0m  SELECT  "users".* FROM "users" WHERE "users"."id" = $1 LIMIT 1  [["id", 11]]
  [1m[36mUser Load (0.4ms)[0m  [1mSELECT  "users".* FROM "users" WHERE "users"."id" = $1 LIMIT 1[0m  [["id", 12]]
Completed 200 OK in 1022ms (Views: 2.8ms | ActiveRecord: 5.6ms)
  [1m[36mTool Load (1.3ms)[0m  [1mSELECT  "tools".* FROM "tools"  ORDER BY "tools"."id" ASC LIMIT 1[0m
  [1m[36mTool Load (2.4ms)[0m  [1mSELECT "tools".* FROM "tools"[0m
  [1m[35mUser Load (1.1ms)[0m  SELECT  "users".* FROM "users" WHERE "users"."id" = $1 LIMIT 1  [["id", 10]]
  [1m[36mUser Load (0.4ms)[0m  [1mSELECT  "users".* FROM "users" WHERE "users"."id" = $1 LIMIT 1[0m  [["id", 11]]
  [1m[35mUser Load (0.3ms)[0m  SELECT  "users".* FROM "users" WHERE "users"."id" = $1 LIMIT 1  [["id", 12]]
  [1m[36mTool Load (0.5ms)[0m  [1mSELECT "tools".* FROM "tools"[0m
  [1m[35mUser Load (0.5ms)[0m  SELECT  "users".* FROM "users" WHERE "users"."id" = $1 LIMIT 1  [["id", 10]]
  [1m[36mUser Load (0.4ms)[0m  [1mSELECT  "users".* FROM "users" WHERE "users"."id" = $1 LIMIT 1[0m  [["id", 11]]
  [1m[35mUser Load (0.4ms)[0m  SELECT  "users".* FROM "users" WHERE "users"."id" = $1 LIMIT 1  [["id", 12]]
  [1m[36mTool Load (0.5ms)[0m  [1mSELECT "tools".* FROM "tools"[0m
  [1m[35mUser Load (0.5ms)[0m  SELECT  "users".* FROM "users" WHERE "users"."id" = $1 LIMIT 1  [["id", 10]]
  [1m[36mUser Load (0.3ms)[0m  [1mSELECT  "users".* FROM "users" WHERE "users"."id" = $1 LIMIT 1[0m  [["id", 11]]
  [1m[35mUser Load (0.2ms)[0m  SELECT  "users".* FROM "users" WHERE "users"."id" = $1 LIMIT 1  [["id", 12]]
  [1m[36mTool Load (0.4ms)[0m  [1mSELECT "tools".* FROM "tools"[0m
  [1m[35mUser Load (0.4ms)[0m  SELECT  "users".* FROM "users" WHERE "users"."id" = $1 LIMIT 1  [["id", 10]]
  [1m[36mUser Load (0.4ms)[0m  [1mSELECT  "users".* FROM "users" WHERE "users"."id" = $1 LIMIT 1[0m  [["id", 11]]
  [1m[35mUser Load (0.4ms)[0m  SELECT  "users".* FROM "users" WHERE "users"."id" = $1 LIMIT 1  [["id", 12]]


Started GET "/tools/search?keyword=drill&latitude=37.784517&longitude=-122.397194" for ::1 at 2016-05-18 15:58:41 -0700
  [1m[36mActiveRecord::SchemaMigration Load (16.5ms)[0m  [1mSELECT "schema_migrations".* FROM "schema_migrations"[0m
Processing by ToolsController#search as HTML
  Parameters: {"keyword"=>"drill", "latitude"=>"37.784517", "longitude"=>"-122.397194"}
  [1m[35mTool Load (29.7ms)[0m  SELECT "tools".* FROM "tools"
  [1m[36mUser Load (1.0ms)[0m  [1mSELECT  "users".* FROM "users" WHERE "users"."id" = $1 LIMIT 1[0m  [["id", 10]]
  [1m[35mUser Load (0.5ms)[0m  SELECT  "users".* FROM "users" WHERE "users"."id" = $1 LIMIT 1  [["id", 11]]
  [1m[36mUser Load (0.5ms)[0m  [1mSELECT  "users".* FROM "users" WHERE "users"."id" = $1 LIMIT 1[0m  [["id", 12]]
Completed 200 OK in 1610ms (Views: 2.6ms | ActiveRecord: 47.0ms)
